  [1m[35m (177.6ms)[0m  [1m[35mCREATE TABLE "schema_migrations" ("version" character varying PRIMARY KEY)[0m
  [1m[35m (39.9ms)[0m  [1m[35mCREATE TABLE "ar_internal_metadata" ("key" character varying PRIMARY KEY, "value" character varying, "created_at" timestamp NOT NULL, "updated_at" timestamp NOT NULL)[0m
  [1m[35m (17.9ms)[0m  [1m[34mSELECT pg_try_advisory_lock(4925758749467365635);[0m
  [1m[36mActiveRecord::SchemaMigration Load (0.9ms)[0m  [1m[34mSELECT "schema_migrations".* FROM "schema_migrations"[0m
  [1m[36mActiveRecord::InternalMetadata Load (0.5ms)[0m  [1m[34mSELECT  "ar_internal_metadata".* FROM "ar_internal_metadata" WHERE "ar_internal_metadata"."key" = $1 LIMIT $2[0m  [["key", :environment], ["LIMIT", 1]]
  [1m[35m (0.2ms)[0m  [1m[35mBEGIN[0m
  [1m[35mSQL (0.7ms)[0m  [1m[32mINSERT INTO "ar_internal_metadata" ("key", "value", "created_at", "updated_at") VALUES ($1, $2, $3, $4) RETURNING "key"[0m  [["key", "environment"], ["value", "development"], ["created_at", 2017-04-06 20:26:05 UTC], ["updated_at", 2017-04-06 20:26:05 UTC]]
  [1m[35m (1.3ms)[0m  [1m[35mCOMMIT[0m
  [1m[35m (0.4ms)[0m  [1m[34mSELECT pg_advisory_unlock(4925758749467365635)[0m
  [1m[36mActiveRecord::SchemaMigration Load (0.4ms)[0m  [1m[34mSELECT "schema_migrations".* FROM "schema_migrations"[0m
  [1m[36mActiveRecord::SchemaMigration Load (0.8ms)[0m  [1m[34mSELECT "schema_migrations".* FROM "schema_migrations"[0m
  [1m[36mActiveRecord::SchemaMigration Load (0.4ms)[0m  [1m[34mSELECT "schema_migrations".* FROM "schema_migrations"[0m
  [1m[35m (154.0ms)[0m  [1m[35mDROP DATABASE IF EXISTS "spotify_stats_development"[0m
  [1m[35m (124.7ms)[0m  [1m[35mDROP DATABASE IF EXISTS "spotify_stats_test"[0m
  [1m[35m (77.3ms)[0m  [1m[35mCREATE TABLE "schema_migrations" ("version" character varying PRIMARY KEY)[0m
  [1m[35m (30.1ms)[0m  [1m[35mCREATE TABLE "ar_internal_metadata" ("key" character varying PRIMARY KEY, "value" character varying, "created_at" timestamp NOT NULL, "updated_at" timestamp NOT NULL)[0m
  [1m[35m (0.3ms)[0m  [1m[34mSELECT pg_try_advisory_lock(4925758749467365635);[0m
  [1m[36mActiveRecord::SchemaMigration Load (0.7ms)[0m  [1m[34mSELECT "schema_migrations".* FROM "schema_migrations"[0m
Migrating to CreateUsers (20170406203517)
  [1m[35m (0.3ms)[0m  [1m[35mBEGIN[0m
  [1m[35m (9.1ms)[0m  [1m[35mCREATE TABLE "users" ("id" serial primary key, "username" character varying, "password" character varying, "follows" integer, "following" integer, "created_at" timestamp NOT NULL, "updated_at" timestamp NOT NULL)[0m
  [1m[35mSQL (0.7ms)[0m  [1m[32mINSERT INTO "schema_migrations" ("version") VALUES ($1) RETURNING "version"[0m  [["version", "20170406203517"]]
  [1m[35m (1.8ms)[0m  [1m[35mCOMMIT[0m
Migrating to CreatePlaylists (20170406203525)
  [1m[35m (1.7ms)[0m  [1m[35mBEGIN[0m
  [1m[35m (0.5ms)[0m  [1m[31mROLLBACK[0m
  [1m[35m (0.5ms)[0m  [1m[34mSELECT pg_advisory_unlock(4925758749467365635)[0m
  [1m[35m (0.4ms)[0m  [1m[34mSELECT pg_try_advisory_lock(4925758749467365635);[0m
  [1m[36mActiveRecord::SchemaMigration Load (0.7ms)[0m  [1m[34mSELECT "schema_migrations".* FROM "schema_migrations"[0m
Migrating to CreatePlaylists (20170406203525)
  [1m[35m (0.3ms)[0m  [1m[35mBEGIN[0m
  [1m[35m (95.8ms)[0m  [1m[35mCREATE TABLE "playlists" ("id" serial primary key, "user_id_id" integer, "url" character varying, "identifier" character varying, "created_at" timestamp NOT NULL, "updated_at" timestamp NOT NULL)[0m
  [1m[35m (10.2ms)[0m  [1m[35mCREATE  INDEX  "index_playlists_on_user_id_id" ON "playlists"  ("user_id_id")[0m
  [1m[35mSQL (0.6ms)[0m  [1m[32mINSERT INTO "schema_migrations" ("version") VALUES ($1) RETURNING "version"[0m  [["version", "20170406203525"]]
  [1m[35m (2.8ms)[0m  [1m[35mCOMMIT[0m
  [1m[36mActiveRecord::InternalMetadata Load (0.4ms)[0m  [1m[34mSELECT  "ar_internal_metadata".* FROM "ar_internal_metadata" WHERE "ar_internal_metadata"."key" = $1 LIMIT $2[0m  [["key", :environment], ["LIMIT", 1]]
  [1m[35m (0.2ms)[0m  [1m[35mBEGIN[0m
  [1m[35mSQL (0.4ms)[0m  [1m[32mINSERT INTO "ar_internal_metadata" ("key", "value", "created_at", "updated_at") VALUES ($1, $2, $3, $4) RETURNING "key"[0m  [["key", "environment"], ["value", "development"], ["created_at", 2017-04-06 20:38:50 UTC], ["updated_at", 2017-04-06 20:38:50 UTC]]
  [1m[35m (14.9ms)[0m  [1m[35mCOMMIT[0m
  [1m[35m (0.5ms)[0m  [1m[34mSELECT pg_advisory_unlock(4925758749467365635)[0m
  [1m[36mActiveRecord::SchemaMigration Load (0.9ms)[0m  [1m[34mSELECT "schema_migrations".* FROM "schema_migrations"[0m
Started GET "/" for 127.0.0.1 at 2017-04-06 17:39:18 -0300
  [1m[36mActiveRecord::SchemaMigration Load (0.6ms)[0m  [1m[34mSELECT "schema_migrations".* FROM "schema_migrations"[0m
Processing by UserController#index as HTML
  Rendering user/index.html.erb within layouts/application
  Rendered user/index.html.erb within layouts/application (1.9ms)
Completed 200 OK in 1558ms (Views: 1540.4ms | ActiveRecord: 0.0ms)


Started GET "/" for 127.0.0.1 at 2017-04-06 17:45:16 -0300
Processing by UserController#index as HTML
  Rendering user/index.html.erb within layouts/application
  Rendered user/index.html.erb within layouts/application (0.5ms)
Completed 500 Internal Server Error in 42ms (ActiveRecord: 0.0ms)


  
ActionView::Template::Error (File to import not found or unreadable: materialize.
Load paths:
  /home/michel/Documentos/mvps/spotify_stats/app/assets/config
  /home/michel/Documentos/mvps/spotify_stats/app/assets/images
  /home/michel/Documentos/mvps/spotify_stats/app/assets/javascripts
  /home/michel/Documentos/mvps/spotify_stats/app/assets/stylesheets
  /home/michel/Documentos/mvps/spotify_stats/vendor/assets/javascripts
  /home/michel/Documentos/mvps/spotify_stats/vendor/assets/stylesheets
  /home/michel/.rbenv/versions/2.3.0/lib/ruby/gems/2.3.0/gems/jquery-rails-4.3.1/vendor/assets/javascripts
  /home/michel/.rbenv/versions/2.3.0/lib/ruby/gems/2.3.0/gems/coffee-rails-4.2.1/lib/assets/javascripts
  /home/michel/.rbenv/versions/2.3.0/lib/ruby/gems/2.3.0/gems/actioncable-5.0.2/lib/assets/compiled
  /home/michel/.rbenv/versions/2.3.0/lib/ruby/gems/2.3.0/gems/turbolinks-source-5.0.0/lib/assets/javascripts):
    4:     <title>SpotifyStats</title>
    5:     <%= csrf_meta_tags %>
    6: 
    7:     <%= stylesheet_link_tag    'application', media: 'all', 'data-turbolinks-track': 'reload' %>
    8:     <%= javascript_include_tag 'application', 'data-turbolinks-track': 'reload' %>
    9:   </head>
   10: 
  
app/assets/stylesheets/application.scss:17
app/views/layouts/application.html.erb:7:in `_app_views_layouts_application_html_erb___4485643392104166985_47389580282120'
  Rendering /home/michel/.rbenv/versions/2.3.0/lib/ruby/gems/2.3.0/gems/actionpack-5.0.2/lib/action_dispatch/middleware/templates/rescues/template_error.html.erb within rescues/layout
  Rendering /home/michel/.rbenv/versions/2.3.0/lib/ruby/gems/2.3.0/gems/actionpack-5.0.2/lib/action_dispatch/middleware/templates/rescues/_source.html.erb
  Rendered /home/michel/.rbenv/versions/2.3.0/lib/ruby/gems/2.3.0/gems/actionpack-5.0.2/lib/action_dispatch/middleware/templates/rescues/_source.html.erb (5.7ms)
  Rendering /home/michel/.rbenv/versions/2.3.0/lib/ruby/gems/2.3.0/gems/actionpack-5.0.2/lib/action_dispatch/middleware/templates/rescues/_trace.html.erb
  Rendered /home/michel/.rbenv/versions/2.3.0/lib/ruby/gems/2.3.0/gems/actionpack-5.0.2/lib/action_dispatch/middleware/templates/rescues/_trace.html.erb (4.4ms)
  Rendering /home/michel/.rbenv/versions/2.3.0/lib/ruby/gems/2.3.0/gems/actionpack-5.0.2/lib/action_dispatch/middleware/templates/rescues/_request_and_response.html.erb
  Rendered /home/michel/.rbenv/versions/2.3.0/lib/ruby/gems/2.3.0/gems/actionpack-5.0.2/lib/action_dispatch/middleware/templates/rescues/_request_and_response.html.erb (1.0ms)
  Rendered /home/michel/.rbenv/versions/2.3.0/lib/ruby/gems/2.3.0/gems/actionpack-5.0.2/lib/action_dispatch/middleware/templates/rescues/template_error.html.erb within rescues/layout (28.8ms)
Started GET "/" for 127.0.0.1 at 2017-04-06 17:45:39 -0300
  [1m[36mActiveRecord::SchemaMigration Load (0.9ms)[0m  [1m[34mSELECT "schema_migrations".* FROM "schema_migrations"[0m
Processing by UserController#index as HTML
  Rendering user/index.html.erb within layouts/application
  Rendered user/index.html.erb within layouts/application (1.5ms)
Completed 200 OK in 4356ms (Views: 4346.4ms | ActiveRecord: 0.0ms)


Started GET "/" for 127.0.0.1 at 2017-04-06 17:46:23 -0300
Processing by UserController#index as HTML
  Rendering user/index.html.erb within layouts/application
  Rendered user/index.html.erb within layouts/application (0.6ms)
Completed 200 OK in 137ms (Views: 135.2ms | ActiveRecord: 0.0ms)


Started GET "/" for 127.0.0.1 at 2017-04-06 17:50:01 -0300
  [1m[36mActiveRecord::SchemaMigration Load (0.5ms)[0m  [1m[34mSELECT "schema_migrations".* FROM "schema_migrations"[0m
Processing by UserController#index as HTML
  Rendering user/index.html.erb within layouts/application
  Rendered user/index.html.erb within layouts/application (1.3ms)
Completed 200 OK in 404ms (Views: 394.5ms | ActiveRecord: 0.0ms)


Started GET "/" for 127.0.0.1 at 2017-04-06 17:53:26 -0300
Processing by UserController#index as HTML
  Rendering user/index.html.erb within layouts/application
  Rendered user/index.html.erb within layouts/application (2.8ms)
Completed 500 Internal Server Error in 6ms (ActiveRecord: 0.0ms)


  
SyntaxError (/home/michel/Documentos/mvps/spotify_stats/app/views/user/index.html.erb:8: syntax error, unexpected ',', expecting ')'
...nd=( text_field_tag(:username), class: 'validate' );@output_...
...                               ^):
  
app/views/user/index.html.erb:8: syntax error, unexpected ',', expecting ')'
  Rendering /home/michel/.rbenv/versions/2.3.0/lib/ruby/gems/2.3.0/gems/actionpack-5.0.2/lib/action_dispatch/middleware/templates/rescues/diagnostics.html.erb within rescues/layout
  Rendering /home/michel/.rbenv/versions/2.3.0/lib/ruby/gems/2.3.0/gems/actionpack-5.0.2/lib/action_dispatch/middleware/templates/rescues/_source.html.erb
  Rendered /home/michel/.rbenv/versions/2.3.0/lib/ruby/gems/2.3.0/gems/actionpack-5.0.2/lib/action_dispatch/middleware/templates/rescues/_source.html.erb (4.3ms)
  Rendering /home/michel/.rbenv/versions/2.3.0/lib/ruby/gems/2.3.0/gems/actionpack-5.0.2/lib/action_dispatch/middleware/templates/rescues/_trace.html.erb
  Rendered /home/michel/.rbenv/versions/2.3.0/lib/ruby/gems/2.3.0/gems/actionpack-5.0.2/lib/action_dispatch/middleware/templates/rescues/_trace.html.erb (2.1ms)
  Rendering /home/michel/.rbenv/versions/2.3.0/lib/ruby/gems/2.3.0/gems/actionpack-5.0.2/lib/action_dispatch/middleware/templates/rescues/_request_and_response.html.erb
  Rendered /home/michel/.rbenv/versions/2.3.0/lib/ruby/gems/2.3.0/gems/actionpack-5.0.2/lib/action_dispatch/middleware/templates/rescues/_request_and_response.html.erb (0.9ms)
  Rendered /home/michel/.rbenv/versions/2.3.0/lib/ruby/gems/2.3.0/gems/actionpack-5.0.2/lib/action_dispatch/middleware/templates/rescues/diagnostics.html.erb within rescues/layout (24.7ms)
Started GET "/" for 127.0.0.1 at 2017-04-06 17:53:37 -0300
Processing by UserController#index as HTML
  Rendering user/index.html.erb within layouts/application
  Rendered user/index.html.erb within layouts/application (1.5ms)
Completed 200 OK in 109ms (Views: 107.4ms | ActiveRecord: 0.0ms)


Started GET "/" for 127.0.0.1 at 2017-04-06 17:55:35 -0300
  [1m[36mActiveRecord::SchemaMigration Load (0.7ms)[0m  [1m[34mSELECT "schema_migrations".* FROM "schema_migrations"[0m
Processing by UserController#index as HTML
  Rendering user/index.html.erb within layouts/application
  Rendered user/index.html.erb within layouts/application (7.2ms)
Completed 200 OK in 2959ms (Views: 2948.2ms | ActiveRecord: 0.0ms)


Started GET "/" for 127.0.0.1 at 2017-04-06 17:55:44 -0300
Processing by UserController#index as HTML
  Rendering user/index.html.erb within layouts/application
  Rendered user/index.html.erb within layouts/application (1.2ms)
Completed 200 OK in 80ms (Views: 78.8ms | ActiveRecord: 0.0ms)


Started GET "/" for 127.0.0.1 at 2017-04-06 17:56:35 -0300
Processing by UserController#index as HTML
  Rendering user/index.html.erb within layouts/application
  Rendered user/index.html.erb within layouts/application (0.6ms)
Completed 500 Internal Server Error in 655ms (ActiveRecord: 0.0ms)


  
ActionView::Template::Error (File to import not found or unreadable: materialize_icons.
Load paths:
  /home/michel/Documentos/mvps/spotify_stats/app/assets/config
  /home/michel/Documentos/mvps/spotify_stats/app/assets/images
  /home/michel/Documentos/mvps/spotify_stats/app/assets/javascripts
  /home/michel/Documentos/mvps/spotify_stats/app/assets/stylesheets
  /home/michel/Documentos/mvps/spotify_stats/vendor/assets/javascripts
  /home/michel/Documentos/mvps/spotify_stats/vendor/assets/stylesheets
  /home/michel/.rbenv/versions/2.3.0/lib/ruby/gems/2.3.0/gems/material_icons-2.2.0/app/assets/fonts
  /home/michel/.rbenv/versions/2.3.0/lib/ruby/gems/2.3.0/gems/material_icons-2.2.0/app/assets/stylesheets
  /home/michel/.rbenv/versions/2.3.0/lib/ruby/gems/2.3.0/gems/materialize-sass-0.98.0/app/assets/fonts
  /home/michel/.rbenv/versions/2.3.0/lib/ruby/gems/2.3.0/gems/materialize-sass-0.98.0/app/assets/javascripts
  /home/michel/.rbenv/versions/2.3.0/lib/ruby/gems/2.3.0/gems/materialize-sass-0.98.0/app/assets/stylesheets
  /home/michel/.rbenv/versions/2.3.0/lib/ruby/gems/2.3.0/gems/jquery-rails-4.3.1/vendor/assets/javascripts
  /home/michel/.rbenv/versions/2.3.0/lib/ruby/gems/2.3.0/gems/coffee-rails-4.2.1/lib/assets/javascripts
  /home/michel/.rbenv/versions/2.3.0/lib/ruby/gems/2.3.0/gems/actioncable-5.0.2/lib/assets/compiled
  /home/michel/.rbenv/versions/2.3.0/lib/ruby/gems/2.3.0/gems/turbolinks-source-5.0.0/lib/assets/javascripts
  /home/michel/.rbenv/versions/2.3.0/lib/ruby/gems/2.3.0/gems/materialize-sass-0.98.0/app/assets/stylesheets
  /home/michel/.rbenv/versions/2.3.0/lib/ruby/gems/2.3.0/gems/materialize-sass-0.98.0/app/assets/javascripts
  /home/michel/.rbenv/versions/2.3.0/lib/ruby/gems/2.3.0/gems/materialize-sass-0.98.0/app/assets/fonts
  /home/michel/.rbenv/versions/2.3.0/lib/ruby/gems/2.3.0/gems/materialize-sass-0.98.0/app/assets/images
  /home/michel/.rbenv/versions/2.3.0/lib/ruby/gems/2.3.0/gems/materialize-sass-0.98.0/app/assets/stylesheets):
    4:     <title>SpotifyStats</title>
    5:     <%= csrf_meta_tags %>
    6: 
    7:     <%= stylesheet_link_tag    'application', media: 'all', 'data-turbolinks-track': 'reload' %>
    8:     <%= javascript_include_tag 'application', 'data-turbolinks-track': 'reload' %>
    9:   </head>
   10: 
  
app/assets/stylesheets/application.scss:18
app/views/layouts/application.html.erb:7:in `_app_views_layouts_application_html_erb__3696011602562547597_70146080668200'
  Rendering /home/michel/.rbenv/versions/2.3.0/lib/ruby/gems/2.3.0/gems/actionpack-5.0.2/lib/action_dispatch/middleware/templates/rescues/template_error.html.erb within rescues/layout
  Rendering /home/michel/.rbenv/versions/2.3.0/lib/ruby/gems/2.3.0/gems/actionpack-5.0.2/lib/action_dispatch/middleware/templates/rescues/_source.html.erb
  Rendered /home/michel/.rbenv/versions/2.3.0/lib/ruby/gems/2.3.0/gems/actionpack-5.0.2/lib/action_dispatch/middleware/templates/rescues/_source.html.erb (5.3ms)
  Rendering /home/michel/.rbenv/versions/2.3.0/lib/ruby/gems/2.3.0/gems/actionpack-5.0.2/lib/action_dispatch/middleware/templates/rescues/_trace.html.erb
  Rendered /home/michel/.rbenv/versions/2.3.0/lib/ruby/gems/2.3.0/gems/actionpack-5.0.2/lib/action_dispatch/middleware/templates/rescues/_trace.html.erb (3.2ms)
  Rendering /home/michel/.rbenv/versions/2.3.0/lib/ruby/gems/2.3.0/gems/actionpack-5.0.2/lib/action_dispatch/middleware/templates/rescues/_request_and_response.html.erb
  Rendered /home/michel/.rbenv/versions/2.3.0/lib/ruby/gems/2.3.0/gems/actionpack-5.0.2/lib/action_dispatch/middleware/templates/rescues/_request_and_response.html.erb (0.7ms)
  Rendered /home/michel/.rbenv/versions/2.3.0/lib/ruby/gems/2.3.0/gems/actionpack-5.0.2/lib/action_dispatch/middleware/templates/rescues/template_error.html.erb within rescues/layout (25.4ms)
Started GET "/" for 127.0.0.1 at 2017-04-06 17:58:08 -0300
Processing by UserController#index as HTML
  Rendering user/index.html.erb within layouts/application
  Rendered user/index.html.erb within layouts/application (1.2ms)
Completed 200 OK in 1492ms (Views: 1491.2ms | ActiveRecord: 0.0ms)


Started GET "/" for 127.0.0.1 at 2017-04-06 17:58:39 -0300
Processing by UserController#index as HTML
  Rendering user/index.html.erb within layouts/application
  Rendered user/index.html.erb within layouts/application (1.2ms)
Completed 200 OK in 144ms (Views: 141.8ms | ActiveRecord: 0.0ms)


Started POST "/users" for 127.0.0.1 at 2017-04-06 17:58:45 -0300
Processing by UserController#register_user as HTML
  Parameters: {"utf8"=>"✓", "authenticity_token"=>"QE8BJElwYdmTXqVLOsL31x15brYNgJrOLSh1LjeajCDsaS7fX+RbY7MSbjh42yTLnWFMavbmAkO2SLEiLXANDQ==", "username"=>"asd"}
Completed 500 Internal Server Error in 4ms (ActiveRecord: 0.0ms)


  
NoMethodError (undefined method `pry' for #<Binding:0x007f9850572958>
Did you mean?  pretty_print
               pretty_inspect
               pretty_print_cycle
               try):
  
app/controllers/user_controller.rb:7:in `register_user'
  Rendering /home/michel/.rbenv/versions/2.3.0/lib/ruby/gems/2.3.0/gems/actionpack-5.0.2/lib/action_dispatch/middleware/templates/rescues/diagnostics.html.erb within rescues/layout
  Rendering /home/michel/.rbenv/versions/2.3.0/lib/ruby/gems/2.3.0/gems/actionpack-5.0.2/lib/action_dispatch/middleware/templates/rescues/_source.html.erb
  Rendered /home/michel/.rbenv/versions/2.3.0/lib/ruby/gems/2.3.0/gems/actionpack-5.0.2/lib/action_dispatch/middleware/templates/rescues/_source.html.erb (6.4ms)
  Rendering /home/michel/.rbenv/versions/2.3.0/lib/ruby/gems/2.3.0/gems/actionpack-5.0.2/lib/action_dispatch/middleware/templates/rescues/_trace.html.erb
  Rendered /home/michel/.rbenv/versions/2.3.0/lib/ruby/gems/2.3.0/gems/actionpack-5.0.2/lib/action_dispatch/middleware/templates/rescues/_trace.html.erb (1.9ms)
  Rendering /home/michel/.rbenv/versions/2.3.0/lib/ruby/gems/2.3.0/gems/actionpack-5.0.2/lib/action_dispatch/middleware/templates/rescues/_request_and_response.html.erb
  Rendered /home/michel/.rbenv/versions/2.3.0/lib/ruby/gems/2.3.0/gems/actionpack-5.0.2/lib/action_dispatch/middleware/templates/rescues/_request_and_response.html.erb (4.9ms)
  Rendered /home/michel/.rbenv/versions/2.3.0/lib/ruby/gems/2.3.0/gems/actionpack-5.0.2/lib/action_dispatch/middleware/templates/rescues/diagnostics.html.erb within rescues/layout (32.8ms)
Started POST "/users" for 127.0.0.1 at 2017-04-06 17:59:47 -0300
  [1m[36mActiveRecord::SchemaMigration Load (0.5ms)[0m  [1m[34mSELECT "schema_migrations".* FROM "schema_migrations"[0m
Processing by UserController#register_user as HTML
  Parameters: {"utf8"=>"✓", "authenticity_token"=>"QE8BJElwYdmTXqVLOsL31x15brYNgJrOLSh1LjeajCDsaS7fX+RbY7MSbjh42yTLnWFMavbmAkO2SLEiLXANDQ==", "username"=>"asd"}
No template found for UserController#register_user, rendering head :no_content
Completed 204 No Content in 20274ms (ActiveRecord: 0.0ms)


Started GET "/" for 127.0.0.1 at 2017-04-06 18:00:12 -0300
Processing by UserController#index as HTML
  Rendering user/index.html.erb within layouts/application
  Rendered user/index.html.erb within layouts/application (8.4ms)
Started GET "/" for 127.0.0.1 at 2017-04-06 18:00:12 -0300
Processing by UserController#index as HTML
  Rendering user/index.html.erb within layouts/application
  Rendered user/index.html.erb within layouts/application (0.9ms)
Completed 200 OK in 978ms (Views: 977.3ms | ActiveRecord: 0.0ms)


Completed 200 OK in 605ms (Views: 600.1ms | ActiveRecord: 0.0ms)


Started GET "/" for 127.0.0.1 at 2017-04-06 18:04:15 -0300
Processing by UserController#index as HTML
  Rendering user/index.html.erb within layouts/application
  [1m[36mUser Load (16.1ms)[0m  [1m[34mSELECT "users".* FROM "users"[0m
  Rendered user/index.html.erb within layouts/application (23.2ms)
Completed 200 OK in 268ms (Views: 239.0ms | ActiveRecord: 17.5ms)


Started GET "/" for 127.0.0.1 at 2017-04-06 18:05:07 -0300
Processing by UserController#index as HTML
  Rendering user/index.html.erb within layouts/application
  [1m[36mUser Load (1.2ms)[0m  [1m[34mSELECT "users".* FROM "users"[0m
  Rendered user/index.html.erb within layouts/application (2.5ms)
Completed 200 OK in 147ms (Views: 144.5ms | ActiveRecord: 1.2ms)


Started POST "/users" for 127.0.0.1 at 2017-04-06 18:08:12 -0300
Processing by UserController#register_user as HTML
  Parameters: {"utf8"=>"✓", "authenticity_token"=>"UIVnlGisW8Janrtrw1dIGNNwYZveWiZM9Hhf4g70Aur8o0hvfjhheHrScBiBTpsEU2hDRyU8vsFvGJvuFB6Dxw==", "username"=>"asd"}
Redirected to http://localhost:3000/
Completed 500 Internal Server Error in 15ms (ActiveRecord: 0.0ms)


  
NoMethodError (undefined method `register_user' for #<Class:0x007fa1a57016a8>):
  
app/controllers/user_controller.rb:7:in `register_user'
  Rendering /home/michel/.rbenv/versions/2.3.0/lib/ruby/gems/2.3.0/gems/actionpack-5.0.2/lib/action_dispatch/middleware/templates/rescues/diagnostics.html.erb within rescues/layout
  Rendering /home/michel/.rbenv/versions/2.3.0/lib/ruby/gems/2.3.0/gems/actionpack-5.0.2/lib/action_dispatch/middleware/templates/rescues/_source.html.erb
  Rendered /home/michel/.rbenv/versions/2.3.0/lib/ruby/gems/2.3.0/gems/actionpack-5.0.2/lib/action_dispatch/middleware/templates/rescues/_source.html.erb (2.1ms)
  Rendering /home/michel/.rbenv/versions/2.3.0/lib/ruby/gems/2.3.0/gems/actionpack-5.0.2/lib/action_dispatch/middleware/templates/rescues/_trace.html.erb
  Rendered /home/michel/.rbenv/versions/2.3.0/lib/ruby/gems/2.3.0/gems/actionpack-5.0.2/lib/action_dispatch/middleware/templates/rescues/_trace.html.erb (1.3ms)
  Rendering /home/michel/.rbenv/versions/2.3.0/lib/ruby/gems/2.3.0/gems/actionpack-5.0.2/lib/action_dispatch/middleware/templates/rescues/_request_and_response.html.erb
  Rendered /home/michel/.rbenv/versions/2.3.0/lib/ruby/gems/2.3.0/gems/actionpack-5.0.2/lib/action_dispatch/middleware/templates/rescues/_request_and_response.html.erb (0.7ms)
  Rendered /home/michel/.rbenv/versions/2.3.0/lib/ruby/gems/2.3.0/gems/actionpack-5.0.2/lib/action_dispatch/middleware/templates/rescues/diagnostics.html.erb within rescues/layout (19.0ms)
Started POST "/users" for 127.0.0.1 at 2017-04-06 18:08:39 -0300
Processing by UserController#register_user as HTML
  Parameters: {"utf8"=>"✓", "authenticity_token"=>"UIVnlGisW8Janrtrw1dIGNNwYZveWiZM9Hhf4g70Aur8o0hvfjhheHrScBiBTpsEU2hDRyU8vsFvGJvuFB6Dxw==", "username"=>"asd"}
Redirected to http://localhost:3000/
Completed 302 Found in 242344ms (ActiveRecord: 2.6ms)


Started GET "/" for 127.0.0.1 at 2017-04-06 18:12:41 -0300
Processing by UserController#index as HTML
  Rendering user/index.html.erb within layouts/application
  [1m[36mUser Load (0.3ms)[0m  [1m[34mSELECT "users".* FROM "users"[0m
  Rendered user/index.html.erb within layouts/application (2.8ms)
Completed 200 OK in 88ms (Views: 82.4ms | ActiveRecord: 0.3ms)


Started GET "/" for 127.0.0.1 at 2017-04-06 18:12:46 -0300
Processing by UserController#index as HTML
  Rendering user/index.html.erb within layouts/application
  [1m[36mUser Load (3.1ms)[0m  [1m[34mSELECT "users".* FROM "users"[0m
  Rendered user/index.html.erb within layouts/application (4.7ms)
Completed 200 OK in 149ms (Views: 144.3ms | ActiveRecord: 3.1ms)


Started POST "/users" for 127.0.0.1 at 2017-04-06 18:12:53 -0300
Processing by UserController#register_user as HTML
  Parameters: {"utf8"=>"✓", "authenticity_token"=>"xNarNNOkJ71FzOk9Ww0wGcsb3OuIacUzXIbSi3yoCKJo8ITPxTAdB2WAIk4ZFOMFSwP+N3MPXb7H5haHZkKJjw==", "username"=>"zetaahwke"}
Redirected to http://localhost:3000/
Completed 302 Found in 845ms (ActiveRecord: 0.0ms)


Started GET "/" for 127.0.0.1 at 2017-04-06 18:12:54 -0300
Processing by UserController#index as HTML
  Rendering user/index.html.erb within layouts/application
  [1m[36mUser Load (0.3ms)[0m  [1m[34mSELECT "users".* FROM "users"[0m
  Rendered user/index.html.erb within layouts/application (3.0ms)
Completed 200 OK in 93ms (Views: 91.1ms | ActiveRecord: 0.3ms)


Started POST "/users" for 127.0.0.1 at 2017-04-06 18:12:59 -0300
Processing by UserController#register_user as HTML
  Parameters: {"utf8"=>"✓", "authenticity_token"=>"CTnS6QnvI48dop6UCnEm877NzqySbNDNd8bP2/MFn3GlH/0SH3sZNT3uVedIaPXvPtXscGkKSEDspgvX6e8eXA==", "username"=>"zetahawke"}
  [1m[35m (0.2ms)[0m  [1m[35mBEGIN[0m
  [1m[35mSQL (37.4ms)[0m  [1m[32mINSERT INTO "users" ("username", "follows", "created_at", "updated_at") VALUES ($1, $2, $3, $4) RETURNING "id"[0m  [["username", "zetahawke"], ["follows", 14], ["created_at", 2017-04-06 21:13:00 UTC], ["updated_at", 2017-04-06 21:13:00 UTC]]
  [1m[35m (12.0ms)[0m  [1m[35mCOMMIT[0m
Redirected to http://localhost:3000/
Completed 302 Found in 848ms (ActiveRecord: 51.3ms)


Started GET "/" for 127.0.0.1 at 2017-04-06 18:13:00 -0300
Processing by UserController#index as HTML
  Rendering user/index.html.erb within layouts/application
  [1m[36mUser Load (0.3ms)[0m  [1m[34mSELECT "users".* FROM "users"[0m
  Rendered user/index.html.erb within layouts/application (12.0ms)
Completed 500 Internal Server Error in 20ms (ActiveRecord: 0.3ms)


  
ActionView::Template::Error (undefined method `followers' for #<User:0x007fa19c762420>
Did you mean?  follows
               follows?
               follows=
               follows_was
               following):
    20:           <% @users.each do |user| %>
    21:             <tr>
    22:               <td><%= user.username %></td>
    23:               <td><%= user.followers %></td>
    24:             </tr>
    25:           <% end %>
    26:         </tbody>
  
app/views/user/index.html.erb:23:in `block in _app_views_user_index_html_erb___3393253068731774843_70166046186880'
app/views/user/index.html.erb:20:in `_app_views_user_index_html_erb___3393253068731774843_70166046186880'
  Rendering /home/michel/.rbenv/versions/2.3.0/lib/ruby/gems/2.3.0/gems/actionpack-5.0.2/lib/action_dispatch/middleware/templates/rescues/template_error.html.erb within rescues/layout
  Rendering /home/michel/.rbenv/versions/2.3.0/lib/ruby/gems/2.3.0/gems/actionpack-5.0.2/lib/action_dispatch/middleware/templates/rescues/_source.html.erb
  Rendered /home/michel/.rbenv/versions/2.3.0/lib/ruby/gems/2.3.0/gems/actionpack-5.0.2/lib/action_dispatch/middleware/templates/rescues/_source.html.erb (4.0ms)
  Rendering /home/michel/.rbenv/versions/2.3.0/lib/ruby/gems/2.3.0/gems/actionpack-5.0.2/lib/action_dispatch/middleware/templates/rescues/_trace.html.erb
  Rendered /home/michel/.rbenv/versions/2.3.0/lib/ruby/gems/2.3.0/gems/actionpack-5.0.2/lib/action_dispatch/middleware/templates/rescues/_trace.html.erb (1.7ms)
  Rendering /home/michel/.rbenv/versions/2.3.0/lib/ruby/gems/2.3.0/gems/actionpack-5.0.2/lib/action_dispatch/middleware/templates/rescues/_request_and_response.html.erb
  Rendered /home/michel/.rbenv/versions/2.3.0/lib/ruby/gems/2.3.0/gems/actionpack-5.0.2/lib/action_dispatch/middleware/templates/rescues/_request_and_response.html.erb (0.9ms)
  Rendered /home/michel/.rbenv/versions/2.3.0/lib/ruby/gems/2.3.0/gems/actionpack-5.0.2/lib/action_dispatch/middleware/templates/rescues/template_error.html.erb within rescues/layout (25.7ms)
Started GET "/" for 127.0.0.1 at 2017-04-06 18:13:09 -0300
Processing by UserController#index as HTML
  Rendering user/index.html.erb within layouts/application
  [1m[36mUser Load (0.8ms)[0m  [1m[34mSELECT "users".* FROM "users"[0m
  Rendered user/index.html.erb within layouts/application (3.1ms)
Completed 200 OK in 120ms (Views: 117.8ms | ActiveRecord: 0.8ms)


Started GET "/" for 127.0.0.1 at 2017-04-06 18:16:13 -0300
Processing by UserController#index as HTML
  Rendering user/index.html.erb within layouts/application
  [1m[36mUser Load (0.6ms)[0m  [1m[34mSELECT "users".* FROM "users" ORDER BY "users"."follows" DESC[0m
  Rendered user/index.html.erb within layouts/application (9.4ms)
Completed 200 OK in 130ms (Views: 123.1ms | ActiveRecord: 0.6ms)


Started POST "/users" for 127.0.0.1 at 2017-04-06 18:16:24 -0300
Processing by UserController#register_user as HTML
  Parameters: {"utf8"=>"✓", "authenticity_token"=>"uhlqr7V1zDLwa50Iji8mUpWTveinz8E+9bekviJNFGgWP0VUo+H2iNAnVnvMNvVOFYufNFypWbNu12CyOKeVRQ==", "username"=>"Esteban Rodriguez"}
Redirected to http://localhost:3000/
Completed 302 Found in 4ms (ActiveRecord: 0.0ms)


Started GET "/" for 127.0.0.1 at 2017-04-06 18:16:24 -0300
Processing by UserController#index as HTML
  Rendering user/index.html.erb within layouts/application
  [1m[36mUser Load (0.5ms)[0m  [1m[34mSELECT "users".* FROM "users" ORDER BY "users"."follows" DESC[0m
  Rendered user/index.html.erb within layouts/application (3.0ms)
Completed 200 OK in 141ms (Views: 138.5ms | ActiveRecord: 0.5ms)


Started GET "/" for 127.0.0.1 at 2017-04-06 18:17:57 -0300
Processing by UserController#index as HTML
  Rendering user/index.html.erb within layouts/application
  [1m[36mUser Load (0.8ms)[0m  [1m[34mSELECT "users".* FROM "users" ORDER BY "users"."follows" DESC[0m
  Rendered user/index.html.erb within layouts/application (2.7ms)
Completed 200 OK in 1810ms (Views: 1808.3ms | ActiveRecord: 0.8ms)


Started GET "/" for 127.0.0.1 at 2017-04-06 18:18:30 -0300
Processing by UserController#index as HTML
  Rendering user/index.html.erb within layouts/application
  [1m[36mUser Load (0.3ms)[0m  [1m[34mSELECT "users".* FROM "users" ORDER BY "users"."follows" DESC[0m
  Rendered user/index.html.erb within layouts/application (3.2ms)
Completed 200 OK in 116ms (Views: 114.2ms | ActiveRecord: 0.3ms)


Started GET "/" for 127.0.0.1 at 2017-04-06 18:18:44 -0300
Processing by UserController#index as HTML
  Rendering user/index.html.erb within layouts/application
  [1m[36mUser Load (0.4ms)[0m  [1m[34mSELECT "users".* FROM "users" ORDER BY "users"."follows" DESC[0m
  Rendered user/index.html.erb within layouts/application (2.8ms)
Completed 200 OK in 147ms (Views: 144.1ms | ActiveRecord: 0.4ms)


Started GET "/" for 127.0.0.1 at 2017-04-06 18:19:08 -0300
Processing by UserController#index as HTML
  Rendering user/index.html.erb within layouts/application
  [1m[36mUser Load (0.5ms)[0m  [1m[34mSELECT "users".* FROM "users" ORDER BY "users"."follows" DESC[0m
  Rendered user/index.html.erb within layouts/application (2.0ms)
Completed 200 OK in 139ms (Views: 137.5ms | ActiveRecord: 0.5ms)


Started GET "/" for 127.0.0.1 at 2017-04-06 18:20:03 -0300
Processing by UserController#index as HTML
  Rendering user/index.html.erb within layouts/application
  [1m[36mUser Load (0.6ms)[0m  [1m[34mSELECT "users".* FROM "users" ORDER BY "users"."follows" DESC[0m
  Rendered user/index.html.erb within layouts/application (2.8ms)
Completed 200 OK in 154ms (Views: 152.3ms | ActiveRecord: 0.6ms)


Started GET "/" for 127.0.0.1 at 2017-04-06 18:21:05 -0300
Processing by UserController#index as HTML
  Rendering user/index.html.erb within layouts/application
  [1m[36mUser Load (0.4ms)[0m  [1m[34mSELECT "users".* FROM "users" ORDER BY "users"."follows" DESC[0m
  Rendered user/index.html.erb within layouts/application (2.7ms)
Completed 200 OK in 101ms (Views: 93.7ms | ActiveRecord: 0.4ms)


Started GET "/" for 127.0.0.1 at 2017-04-06 18:21:14 -0300
Processing by UserController#index as HTML
  Rendering user/index.html.erb within layouts/application
  [1m[36mUser Load (1.4ms)[0m  [1m[34mSELECT "users".* FROM "users" ORDER BY "users"."follows" DESC[0m
  Rendered user/index.html.erb within layouts/application (4.2ms)
Completed 200 OK in 160ms (Views: 157.6ms | ActiveRecord: 1.4ms)


Started GET "/" for 127.0.0.1 at 2017-04-06 18:21:40 -0300
Processing by UserController#index as HTML
  Rendering user/index.html.erb within layouts/application
  [1m[36mUser Load (0.4ms)[0m  [1m[34mSELECT "users".* FROM "users" ORDER BY "users"."follows" DESC[0m
  Rendered user/index.html.erb within layouts/application (3.9ms)
Completed 200 OK in 1548ms (Views: 1545.1ms | ActiveRecord: 0.4ms)


Started GET "/" for 127.0.0.1 at 2017-04-06 18:22:32 -0300
Processing by UserController#index as HTML
  Rendering user/index.html.erb within layouts/application
  [1m[36mUser Load (0.6ms)[0m  [1m[34mSELECT "users".* FROM "users" ORDER BY "users"."follows" DESC[0m
  Rendered user/index.html.erb within layouts/application (3.5ms)
Completed 200 OK in 152ms (Views: 150.0ms | ActiveRecord: 0.6ms)


Started GET "/" for 127.0.0.1 at 2017-04-06 18:37:28 -0300
  [1m[36mActiveRecord::SchemaMigration Load (0.6ms)[0m  [1m[34mSELECT "schema_migrations".* FROM "schema_migrations"[0m
Processing by UserController#index as HTML
  Rendering user/index.html.erb within layouts/application
  [1m[36mUser Load (1.1ms)[0m  [1m[34mSELECT "users".* FROM "users" ORDER BY "users"."follows" DESC[0m
  Rendered user/index.html.erb within layouts/application (45.0ms)
Completed 200 OK in 2714ms (Views: 2686.6ms | ActiveRecord: 5.1ms)


Started GET "/" for 127.0.0.1 at 2017-04-06 18:38:11 -0300
Processing by UserController#index as HTML
  Rendering user/index.html.erb within layouts/application
  [1m[36mUser Load (1.1ms)[0m  [1m[34mSELECT "users".* FROM "users" ORDER BY "users"."follows" DESC[0m
  Rendered user/index.html.erb within layouts/application (14.8ms)
Completed 200 OK in 182ms (Views: 179.7ms | ActiveRecord: 1.1ms)


Started GET "/spotify.png" for 127.0.0.1 at 2017-04-06 18:38:11 -0300
  
ActionController::RoutingError (No route matches [GET] "/spotify.png"):
  
actionpack (5.0.2) lib/action_dispatch/middleware/debug_exceptions.rb:53:in `call'
web-console (3.5.0) lib/web_console/middleware.rb:135:in `call_app'
web-console (3.5.0) lib/web_console/middleware.rb:28:in `block in call'
web-console (3.5.0) lib/web_console/middleware.rb:18:in `catch'
web-console (3.5.0) lib/web_console/middleware.rb:18:in `call'
actionpack (5.0.2) lib/action_dispatch/middleware/show_exceptions.rb:31:in `call'
railties (5.0.2) lib/rails/rack/logger.rb:36:in `call_app'
railties (5.0.2) lib/rails/rack/logger.rb:24:in `block in call'
activesupport (5.0.2) lib/active_support/tagged_logging.rb:69:in `block in tagged'
activesupport (5.0.2) lib/active_support/tagged_logging.rb:26:in `tagged'
activesupport (5.0.2) lib/active_support/tagged_logging.rb:69:in `tagged'
railties (5.0.2) lib/rails/rack/logger.rb:24:in `call'
sprockets-rails (3.2.0) lib/sprockets/rails/quiet_assets.rb:13:in `call'
actionpack (5.0.2) lib/action_dispatch/middleware/request_id.rb:24:in `call'
rack (2.0.1) lib/rack/method_override.rb:22:in `call'
rack (2.0.1) lib/rack/runtime.rb:22:in `call'
activesupport (5.0.2) lib/active_support/cache/strategy/local_cache_middleware.rb:28:in `call'
actionpack (5.0.2) lib/action_dispatch/middleware/executor.rb:12:in `call'
actionpack (5.0.2) lib/action_dispatch/middleware/static.rb:136:in `call'
rack (2.0.1) lib/rack/sendfile.rb:111:in `call'
railties (5.0.2) lib/rails/engine.rb:522:in `call'
puma (3.8.2) lib/puma/configuration.rb:224:in `call'
puma (3.8.2) lib/puma/server.rb:600:in `handle_request'
puma (3.8.2) lib/puma/server.rb:435:in `process_client'
puma (3.8.2) lib/puma/server.rb:299:in `block in run'
puma (3.8.2) lib/puma/thread_pool.rb:120:in `block in spawn_thread'
  Rendering /home/michel/.rbenv/versions/2.3.0/lib/ruby/gems/2.3.0/gems/actionpack-5.0.2/lib/action_dispatch/middleware/templates/rescues/routing_error.html.erb within rescues/layout
  Rendering /home/michel/.rbenv/versions/2.3.0/lib/ruby/gems/2.3.0/gems/actionpack-5.0.2/lib/action_dispatch/middleware/templates/rescues/_trace.html.erb
  Rendered /home/michel/.rbenv/versions/2.3.0/lib/ruby/gems/2.3.0/gems/actionpack-5.0.2/lib/action_dispatch/middleware/templates/rescues/_trace.html.erb (1.6ms)
  Rendered collection of /home/michel/.rbenv/versions/2.3.0/lib/ruby/gems/2.3.0/gems/actionpack-5.0.2/lib/action_dispatch/middleware/templates/routes/_route.html.erb [2 times] (46.5ms)
  Rendered /home/michel/.rbenv/versions/2.3.0/lib/ruby/gems/2.3.0/gems/actionpack-5.0.2/lib/action_dispatch/middleware/templates/routes/_table.html.erb (51.8ms)
  Rendering /home/michel/.rbenv/versions/2.3.0/lib/ruby/gems/2.3.0/gems/actionpack-5.0.2/lib/action_dispatch/middleware/templates/rescues/_request_and_response.html.erb
  Rendered /home/michel/.rbenv/versions/2.3.0/lib/ruby/gems/2.3.0/gems/actionpack-5.0.2/lib/action_dispatch/middleware/templates/rescues/_request_and_response.html.erb (1.8ms)
  Rendered /home/michel/.rbenv/versions/2.3.0/lib/ruby/gems/2.3.0/gems/actionpack-5.0.2/lib/action_dispatch/middleware/templates/rescues/routing_error.html.erb within rescues/layout (150.6ms)
Started GET "/" for 127.0.0.1 at 2017-04-06 18:39:33 -0300
DEPRECATION WARNING: ActiveRecord::Base.raise_in_transactional_callbacks= is deprecated, has no effect and will be removed without replacement. (called from block (3 levels) in <class:Railtie> at /home/michel/.rbenv/versions/2.3.0/lib/ruby/gems/2.3.0/gems/activerecord-5.0.2/lib/active_record/railtie.rb:113)
  [1m[36mActiveRecord::SchemaMigration Load (1.3ms)[0m  [1m[34mSELECT "schema_migrations".* FROM "schema_migrations"[0m
Processing by UserController#index as HTML
  Rendering user/index.html.erb within layouts/application
  [1m[36mUser Load (0.7ms)[0m  [1m[34mSELECT "users".* FROM "users" ORDER BY "users"."follows" DESC[0m
  Rendered user/index.html.erb within layouts/application (285.4ms)
Completed 200 OK in 3464ms (Views: 3441.1ms | ActiveRecord: 3.7ms)


Started GET "/spotify.png" for 127.0.0.1 at 2017-04-06 18:39:38 -0300
  
ActionController::RoutingError (No route matches [GET] "/spotify.png"):
  
actionpack (5.0.2) lib/action_dispatch/middleware/debug_exceptions.rb:53:in `call'
web-console (3.5.0) lib/web_console/middleware.rb:135:in `call_app'
web-console (3.5.0) lib/web_console/middleware.rb:28:in `block in call'
web-console (3.5.0) lib/web_console/middleware.rb:18:in `catch'
web-console (3.5.0) lib/web_console/middleware.rb:18:in `call'
actionpack (5.0.2) lib/action_dispatch/middleware/show_exceptions.rb:31:in `call'
railties (5.0.2) lib/rails/rack/logger.rb:36:in `call_app'
railties (5.0.2) lib/rails/rack/logger.rb:24:in `block in call'
activesupport (5.0.2) lib/active_support/tagged_logging.rb:69:in `block in tagged'
activesupport (5.0.2) lib/active_support/tagged_logging.rb:26:in `tagged'
activesupport (5.0.2) lib/active_support/tagged_logging.rb:69:in `tagged'
railties (5.0.2) lib/rails/rack/logger.rb:24:in `call'
sprockets-rails (3.2.0) lib/sprockets/rails/quiet_assets.rb:13:in `call'
actionpack (5.0.2) lib/action_dispatch/middleware/request_id.rb:24:in `call'
rack (2.0.1) lib/rack/method_override.rb:22:in `call'
rack (2.0.1) lib/rack/runtime.rb:22:in `call'
activesupport (5.0.2) lib/active_support/cache/strategy/local_cache_middleware.rb:28:in `call'
actionpack (5.0.2) lib/action_dispatch/middleware/executor.rb:12:in `call'
actionpack (5.0.2) lib/action_dispatch/middleware/static.rb:136:in `call'
rack (2.0.1) lib/rack/sendfile.rb:111:in `call'
railties (5.0.2) lib/rails/engine.rb:522:in `call'
puma (3.8.2) lib/puma/configuration.rb:224:in `call'
puma (3.8.2) lib/puma/server.rb:600:in `handle_request'
puma (3.8.2) lib/puma/server.rb:435:in `process_client'
puma (3.8.2) lib/puma/server.rb:299:in `block in run'
puma (3.8.2) lib/puma/thread_pool.rb:120:in `block in spawn_thread'
  Rendering /home/michel/.rbenv/versions/2.3.0/lib/ruby/gems/2.3.0/gems/actionpack-5.0.2/lib/action_dispatch/middleware/templates/rescues/routing_error.html.erb within rescues/layout
  Rendering /home/michel/.rbenv/versions/2.3.0/lib/ruby/gems/2.3.0/gems/actionpack-5.0.2/lib/action_dispatch/middleware/templates/rescues/_trace.html.erb
  Rendered /home/michel/.rbenv/versions/2.3.0/lib/ruby/gems/2.3.0/gems/actionpack-5.0.2/lib/action_dispatch/middleware/templates/rescues/_trace.html.erb (1.3ms)
  Rendered collection of /home/michel/.rbenv/versions/2.3.0/lib/ruby/gems/2.3.0/gems/actionpack-5.0.2/lib/action_dispatch/middleware/templates/routes/_route.html.erb [2 times] (2.3ms)
  Rendered /home/michel/.rbenv/versions/2.3.0/lib/ruby/gems/2.3.0/gems/actionpack-5.0.2/lib/action_dispatch/middleware/templates/routes/_table.html.erb (25.0ms)
  Rendering /home/michel/.rbenv/versions/2.3.0/lib/ruby/gems/2.3.0/gems/actionpack-5.0.2/lib/action_dispatch/middleware/templates/rescues/_request_and_response.html.erb
  Rendered /home/michel/.rbenv/versions/2.3.0/lib/ruby/gems/2.3.0/gems/actionpack-5.0.2/lib/action_dispatch/middleware/templates/rescues/_request_and_response.html.erb (2.8ms)
  Rendered /home/michel/.rbenv/versions/2.3.0/lib/ruby/gems/2.3.0/gems/actionpack-5.0.2/lib/action_dispatch/middleware/templates/rescues/routing_error.html.erb within rescues/layout (63.5ms)
Started GET "/" for 127.0.0.1 at 2017-04-06 18:40:36 -0300
DEPRECATION WARNING: ActiveRecord::Base.raise_in_transactional_callbacks= is deprecated, has no effect and will be removed without replacement. (called from block (3 levels) in <class:Railtie> at /home/michel/.rbenv/versions/2.3.0/lib/ruby/gems/2.3.0/gems/activerecord-5.0.2/lib/active_record/railtie.rb:113)
  [1m[36mActiveRecord::SchemaMigration Load (2.0ms)[0m  [1m[34mSELECT "schema_migrations".* FROM "schema_migrations"[0m
Processing by UserController#index as HTML
  Rendering user/index.html.erb within layouts/application
  [1m[36mUser Load (1.2ms)[0m  [1m[34mSELECT "users".* FROM "users" ORDER BY "users"."follows" DESC[0m
  Rendered user/index.html.erb within layouts/application (203.4ms)
Completed 200 OK in 492ms (Views: 466.5ms | ActiveRecord: 7.5ms)


Started GET "/spotify.png" for 127.0.0.1 at 2017-04-06 18:40:37 -0300
  
ActionController::RoutingError (No route matches [GET] "/spotify.png"):
  
actionpack (5.0.2) lib/action_dispatch/middleware/debug_exceptions.rb:53:in `call'
web-console (3.5.0) lib/web_console/middleware.rb:135:in `call_app'
web-console (3.5.0) lib/web_console/middleware.rb:28:in `block in call'
web-console (3.5.0) lib/web_console/middleware.rb:18:in `catch'
web-console (3.5.0) lib/web_console/middleware.rb:18:in `call'
actionpack (5.0.2) lib/action_dispatch/middleware/show_exceptions.rb:31:in `call'
railties (5.0.2) lib/rails/rack/logger.rb:36:in `call_app'
railties (5.0.2) lib/rails/rack/logger.rb:24:in `block in call'
activesupport (5.0.2) lib/active_support/tagged_logging.rb:69:in `block in tagged'
activesupport (5.0.2) lib/active_support/tagged_logging.rb:26:in `tagged'
activesupport (5.0.2) lib/active_support/tagged_logging.rb:69:in `tagged'
railties (5.0.2) lib/rails/rack/logger.rb:24:in `call'
sprockets-rails (3.2.0) lib/sprockets/rails/quiet_assets.rb:13:in `call'
actionpack (5.0.2) lib/action_dispatch/middleware/request_id.rb:24:in `call'
rack (2.0.1) lib/rack/method_override.rb:22:in `call'
rack (2.0.1) lib/rack/runtime.rb:22:in `call'
activesupport (5.0.2) lib/active_support/cache/strategy/local_cache_middleware.rb:28:in `call'
actionpack (5.0.2) lib/action_dispatch/middleware/executor.rb:12:in `call'
actionpack (5.0.2) lib/action_dispatch/middleware/static.rb:136:in `call'
rack (2.0.1) lib/rack/sendfile.rb:111:in `call'
railties (5.0.2) lib/rails/engine.rb:522:in `call'
puma (3.8.2) lib/puma/configuration.rb:224:in `call'
puma (3.8.2) lib/puma/server.rb:600:in `handle_request'
puma (3.8.2) lib/puma/server.rb:435:in `process_client'
puma (3.8.2) lib/puma/server.rb:299:in `block in run'
puma (3.8.2) lib/puma/thread_pool.rb:120:in `block in spawn_thread'
  Rendering /home/michel/.rbenv/versions/2.3.0/lib/ruby/gems/2.3.0/gems/actionpack-5.0.2/lib/action_dispatch/middleware/templates/rescues/routing_error.html.erb within rescues/layout
  Rendering /home/michel/.rbenv/versions/2.3.0/lib/ruby/gems/2.3.0/gems/actionpack-5.0.2/lib/action_dispatch/middleware/templates/rescues/_trace.html.erb
  Rendered /home/michel/.rbenv/versions/2.3.0/lib/ruby/gems/2.3.0/gems/actionpack-5.0.2/lib/action_dispatch/middleware/templates/rescues/_trace.html.erb (2.2ms)
  Rendered collection of /home/michel/.rbenv/versions/2.3.0/lib/ruby/gems/2.3.0/gems/actionpack-5.0.2/lib/action_dispatch/middleware/templates/routes/_route.html.erb [2 times] (11.6ms)
  Rendered /home/michel/.rbenv/versions/2.3.0/lib/ruby/gems/2.3.0/gems/actionpack-5.0.2/lib/action_dispatch/middleware/templates/routes/_table.html.erb (28.0ms)
  Rendering /home/michel/.rbenv/versions/2.3.0/lib/ruby/gems/2.3.0/gems/actionpack-5.0.2/lib/action_dispatch/middleware/templates/rescues/_request_and_response.html.erb
  Rendered /home/michel/.rbenv/versions/2.3.0/lib/ruby/gems/2.3.0/gems/actionpack-5.0.2/lib/action_dispatch/middleware/templates/rescues/_request_and_response.html.erb (3.2ms)
  Rendered /home/michel/.rbenv/versions/2.3.0/lib/ruby/gems/2.3.0/gems/actionpack-5.0.2/lib/action_dispatch/middleware/templates/rescues/routing_error.html.erb within rescues/layout (78.0ms)
Started GET "/" for 127.0.0.1 at 2017-04-06 18:40:52 -0300
Processing by UserController#index as HTML
  Rendering user/index.html.erb within layouts/application
  [1m[36mUser Load (0.4ms)[0m  [1m[34mSELECT "users".* FROM "users" ORDER BY "users"."follows" DESC[0m
  Rendered user/index.html.erb within layouts/application (3.8ms)
Completed 200 OK in 93ms (Views: 90.7ms | ActiveRecord: 0.4ms)


Started GET "/" for 127.0.0.1 at 2017-04-06 18:41:08 -0300
Processing by UserController#index as HTML
  Rendering user/index.html.erb within layouts/application
  [1m[36mUser Load (1.2ms)[0m  [1m[34mSELECT "users".* FROM "users" ORDER BY "users"."follows" DESC[0m
  Rendered user/index.html.erb within layouts/application (4.9ms)
Completed 200 OK in 137ms (Views: 134.5ms | ActiveRecord: 1.2ms)


Started GET "/" for 127.0.0.1 at 2017-04-06 18:41:18 -0300
Processing by UserController#index as HTML
  Rendering user/index.html.erb within layouts/application
  [1m[36mUser Load (0.3ms)[0m  [1m[34mSELECT "users".* FROM "users" ORDER BY "users"."follows" DESC[0m
  Rendered user/index.html.erb within layouts/application (3.6ms)
Completed 200 OK in 102ms (Views: 100.0ms | ActiveRecord: 0.3ms)


Started GET "/" for 127.0.0.1 at 2017-04-06 18:41:31 -0300
Processing by UserController#index as HTML
  Rendering user/index.html.erb within layouts/application
  [1m[36mUser Load (1.4ms)[0m  [1m[34mSELECT "users".* FROM "users" ORDER BY "users"."follows" DESC[0m
  Rendered user/index.html.erb within layouts/application (5.2ms)
Completed 200 OK in 138ms (Views: 135.7ms | ActiveRecord: 1.4ms)


Started GET "/" for 127.0.0.1 at 2017-04-06 19:11:52 -0300
DEPRECATION WARNING: ActiveRecord::Base.raise_in_transactional_callbacks= is deprecated, has no effect and will be removed without replacement. (called from block (3 levels) in <class:Railtie> at /home/michel/.rbenv/versions/2.3.0/lib/ruby/gems/2.3.0/gems/activerecord-5.0.2/lib/active_record/railtie.rb:113)
  [1m[36mActiveRecord::SchemaMigration Load (1.1ms)[0m  [1m[34mSELECT "schema_migrations".* FROM "schema_migrations"[0m
Processing by UserController#index as HTML
DEPRECATION WARNING: uniq is deprecated and will be removed from Rails 5.1 (use distinct instead) (called from index at /home/michel/Documentos/mvps/spotify_api_rails/app/controllers/user_controller.rb:3)
  Rendering user/index.html.erb within layouts/application
  [1m[36mUser Load (13.2ms)[0m  [1m[34mSELECT DISTINCT "users".* FROM "users" ORDER BY "users"."follows" DESC[0m
  Rendered user/index.html.erb within layouts/application (346.1ms)
Completed 200 OK in 625ms (Views: 593.6ms | ActiveRecord: 16.1ms)


Started POST "/users" for 127.0.0.1 at 2017-04-06 19:11:57 -0300
Processing by UserController#register_user as HTML
  Parameters: {"utf8"=>"✓", "authenticity_token"=>"HclCzkDPEqW+lG7UvKhzb1JU5GWHERlHjypNDUoZWVmx7201VlsoH57Ypaf+saBz0kzGuXx3gcoUSokBUPPYdA==", "username"=>"zetahawke"}
  [1m[36mUser Load (0.8ms)[0m  [1m[34mSELECT  "users".* FROM "users" WHERE "users"."username" = $1 LIMIT $2[0m  [["username", "Michel Bryan Szinavel Reyes"], ["LIMIT", 1]]
  [1m[35m (0.5ms)[0m  [1m[35mBEGIN[0m
  [1m[35mSQL (0.7ms)[0m  [1m[32mINSERT INTO "users" ("username", "follows", "created_at", "updated_at") VALUES ($1, $2, $3, $4) RETURNING "id"[0m  [["username", "Michel Bryan Szinavel Reyes"], ["follows", 14], ["created_at", 2017-04-06 19:11:58 -0300], ["updated_at", 2017-04-06 19:11:58 -0300]]
  [1m[35m (30.6ms)[0m  [1m[35mCOMMIT[0m
Redirected to http://localhost:3000/
Completed 302 Found in 916ms (ActiveRecord: 33.3ms)


Started GET "/" for 127.0.0.1 at 2017-04-06 19:11:58 -0300
Processing by UserController#index as HTML
DEPRECATION WARNING: uniq is deprecated and will be removed from Rails 5.1 (use distinct instead) (called from index at /home/michel/Documentos/mvps/spotify_api_rails/app/controllers/user_controller.rb:3)
  Rendering user/index.html.erb within layouts/application
  [1m[36mUser Load (1.9ms)[0m  [1m[34mSELECT DISTINCT "users".* FROM "users" ORDER BY "users"."follows" DESC[0m
  Rendered user/index.html.erb within layouts/application (6.0ms)
Completed 200 OK in 125ms (Views: 121.2ms | ActiveRecord: 1.9ms)


Started POST "/users" for 127.0.0.1 at 2017-04-06 19:12:02 -0300
Processing by UserController#register_user as HTML
  Parameters: {"utf8"=>"✓", "authenticity_token"=>"iit97RWKf6fwy/ivXFd53Qd3XsTDnt3KvrYt8CWnbzAmDVIWAx5FHdCHM9weTqrBh298GDj4RUcl1un8P03uHQ==", "username"=>"zetahawke"}
  [1m[36mUser Load (0.4ms)[0m  [1m[34mSELECT  "users".* FROM "users" WHERE "users"."username" = $1 LIMIT $2[0m  [["username", "Michel Bryan Szinavel Reyes"], ["LIMIT", 1]]
Redirected to http://localhost:3000/
Completed 302 Found in 893ms (ActiveRecord: 0.4ms)


Started GET "/" for 127.0.0.1 at 2017-04-06 19:12:03 -0300
Processing by UserController#index as HTML
DEPRECATION WARNING: uniq is deprecated and will be removed from Rails 5.1 (use distinct instead) (called from index at /home/michel/Documentos/mvps/spotify_api_rails/app/controllers/user_controller.rb:3)
  Rendering user/index.html.erb within layouts/application
  [1m[36mUser Load (0.8ms)[0m  [1m[34mSELECT DISTINCT "users".* FROM "users" ORDER BY "users"."follows" DESC[0m
  Rendered user/index.html.erb within layouts/application (4.5ms)
Completed 200 OK in 107ms (Views: 104.2ms | ActiveRecord: 0.8ms)


Started GET "/" for 127.0.0.1 at 2017-04-06 19:12:28 -0300
Processing by UserController#index as HTML
DEPRECATION WARNING: uniq is deprecated and will be removed from Rails 5.1 (use distinct instead) (called from index at /home/michel/Documentos/mvps/spotify_api_rails/app/controllers/user_controller.rb:3)
  Rendering user/index.html.erb within layouts/application
  [1m[36mUser Load (1.6ms)[0m  [1m[34mSELECT DISTINCT "users".* FROM "users" ORDER BY "users"."follows" DESC[0m
  Rendered user/index.html.erb within layouts/application (4.5ms)
Completed 200 OK in 199ms (Views: 196.4ms | ActiveRecord: 1.6ms)


Started GET "/" for 127.0.0.1 at 2017-04-06 19:13:00 -0300
Processing by UserController#index as HTML
DEPRECATION WARNING: uniq is deprecated and will be removed from Rails 5.1 (use distinct instead) (called from index at /home/michel/Documentos/mvps/spotify_api_rails/app/controllers/user_controller.rb:3)
  Rendering user/index.html.erb within layouts/application
  [1m[36mUser Load (0.7ms)[0m  [1m[34mSELECT DISTINCT "users".* FROM "users" ORDER BY "users"."follows" DESC[0m
  Rendered user/index.html.erb within layouts/application (3.9ms)
Completed 200 OK in 142ms (Views: 140.5ms | ActiveRecord: 0.7ms)


Started GET "/" for 127.0.0.1 at 2017-04-06 19:13:10 -0300
Processing by UserController#index as HTML
DEPRECATION WARNING: uniq is deprecated and will be removed from Rails 5.1 (use distinct instead) (called from index at /home/michel/Documentos/mvps/spotify_api_rails/app/controllers/user_controller.rb:3)
  Rendering user/index.html.erb within layouts/application
  [1m[36mUser Load (0.5ms)[0m  [1m[34mSELECT DISTINCT "users".* FROM "users" ORDER BY "users"."follows" DESC[0m
  Rendered user/index.html.erb within layouts/application (3.3ms)
Completed 200 OK in 88ms (Views: 86.0ms | ActiveRecord: 0.5ms)


Started GET "/" for 127.0.0.1 at 2017-04-06 19:13:28 -0300
Processing by UserController#index as HTML
DEPRECATION WARNING: uniq is deprecated and will be removed from Rails 5.1 (use distinct instead) (called from index at /home/michel/Documentos/mvps/spotify_api_rails/app/controllers/user_controller.rb:3)
  Rendering user/index.html.erb within layouts/application
  [1m[36mUser Load (0.7ms)[0m  [1m[34mSELECT DISTINCT "users".* FROM "users" ORDER BY "users"."follows" DESC[0m
  Rendered user/index.html.erb within layouts/application (4.8ms)
Completed 200 OK in 104ms (Views: 101.3ms | ActiveRecord: 0.7ms)


